2025-06-16 14:25:51,549 [INFO] __main__: 🚀 Starting Crypto Alert Bot...
2025-06-16 14:25:51,549 [ERROR] db: Database error: attempt to write a readonly database
2025-06-16 14:25:51,550 [ERROR] __main__: Fatal error: attempt to write a readonly database
2025-06-16 14:25:52,771 [INFO] __main__: 🚀 Starting Crypto Alert Bot...
2025-06-16 14:25:52,771 [ERROR] db: Database error: attempt to write a readonly database
2025-06-16 14:25:52,771 [ERROR] __main__: Fatal error: attempt to write a readonly database
2025-06-16 14:25:54,050 [INFO] __main__: 🚀 Starting Crypto Alert Bot...
2025-06-16 14:25:54,050 [ERROR] db: Database error: attempt to write a readonly database
2025-06-16 14:25:54,050 [ERROR] __main__: Fatal error: attempt to write a readonly database
2025-06-16 14:25:55,521 [INFO] __main__: 🚀 Starting Crypto Alert Bot...
2025-06-16 14:25:55,521 [ERROR] db: Database error: attempt to write a readonly database
2025-06-16 14:25:55,524 [ERROR] __main__: Fatal error: attempt to write a readonly database
2025-06-16 14:25:57,430 [INFO] __main__: 🚀 Starting Crypto Alert Bot...
2025-06-16 14:25:57,431 [ERROR] db: Database error: attempt to write a readonly database
2025-06-16 14:25:57,431 [ERROR] __main__: Fatal error: attempt to write a readonly database
2025-06-16 14:26:00,134 [INFO] __main__: 🚀 Starting Crypto Alert Bot...
2025-06-16 14:26:00,135 [ERROR] db: Database error: attempt to write a readonly database
2025-06-16 14:26:00,135 [ERROR] __main__: Fatal error: attempt to write a readonly database
2025-06-16 14:26:04,425 [INFO] __main__: 🚀 Starting Crypto Alert Bot...
2025-06-16 14:26:04,425 [ERROR] db: Database error: attempt to write a readonly database
2025-06-16 14:26:04,425 [ERROR] __main__: Fatal error: attempt to write a readonly database
2025-06-16 14:26:11,955 [INFO] __main__: 🚀 Starting Crypto Alert Bot...
2025-06-16 14:26:11,955 [ERROR] db: Database error: attempt to write a readonly database
2025-06-16 14:26:11,955 [ERROR] __main__: Fatal error: attempt to write a readonly database
2025-06-16 14:26:25,875 [INFO] __main__: 🚀 Starting Crypto Alert Bot...
2025-06-16 14:26:25,875 [ERROR] db: Database error: attempt to write a readonly database
2025-06-16 14:26:25,875 [ERROR] __main__: Fatal error: attempt to write a readonly database
2025-06-16 14:26:45,651 [INFO] __main__: 🚀 Starting Crypto Alert Bot...
2025-06-16 14:26:45,651 [ERROR] db: Database error: attempt to write a readonly database
2025-06-16 14:26:45,652 [ERROR] __main__: Fatal error: attempt to write a readonly database
2025-06-16 14:26:46,883 [INFO] __main__: 🚀 Starting Crypto Alert Bot...
2025-06-16 14:26:46,883 [ERROR] db: Database error: attempt to write a readonly database
2025-06-16 14:26:46,883 [ERROR] __main__: Fatal error: attempt to write a readonly database
2025-06-16 14:26:48,199 [INFO] __main__: 🚀 Starting Crypto Alert Bot...
2025-06-16 14:26:48,199 [ERROR] db: Database error: attempt to write a readonly database
2025-06-16 14:26:48,199 [ERROR] __main__: Fatal error: attempt to write a readonly database
2025-06-16 14:26:49,677 [INFO] __main__: 🚀 Starting Crypto Alert Bot...
2025-06-16 14:26:49,677 [ERROR] db: Database error: attempt to write a readonly database
2025-06-16 14:26:49,677 [ERROR] __main__: Fatal error: attempt to write a readonly database
2025-06-16 14:26:51,604 [INFO] __main__: 🚀 Starting Crypto Alert Bot...
2025-06-16 14:26:51,604 [ERROR] db: Database error: attempt to write a readonly database
2025-06-16 14:26:51,604 [ERROR] __main__: Fatal error: attempt to write a readonly database
2025-06-16 14:26:54,326 [INFO] __main__: 🚀 Starting Crypto Alert Bot...
2025-06-16 14:26:54,326 [ERROR] db: Database error: attempt to write a readonly database
2025-06-16 14:26:54,326 [ERROR] __main__: Fatal error: attempt to write a readonly database
2025-06-16 14:26:58,643 [INFO] __main__: 🚀 Starting Crypto Alert Bot...
2025-06-16 14:26:58,643 [ERROR] db: Database error: attempt to write a readonly database
2025-06-16 14:26:58,643 [ERROR] __main__: Fatal error: attempt to write a readonly database
2025-06-16 14:27:06,106 [INFO] __main__: 🚀 Starting Crypto Alert Bot...
2025-06-16 14:27:06,106 [ERROR] db: Database error: attempt to write a readonly database
2025-06-16 14:27:06,106 [ERROR] __main__: Fatal error: attempt to write a readonly database
2025-06-16 14:27:20,004 [INFO] __main__: 🚀 Starting Crypto Alert Bot...
2025-06-16 14:27:20,004 [ERROR] db: Database error: attempt to write a readonly database
2025-06-16 14:27:20,004 [ERROR] __main__: Fatal error: attempt to write a readonly database
2025-06-16 14:27:46,990 [INFO] __main__: 🚀 Starting Crypto Alert Bot...
2025-06-16 14:27:46,991 [ERROR] db: Database error: attempt to write a readonly database
2025-06-16 14:27:46,991 [ERROR] __main__: Fatal error: attempt to write a readonly database
2025-06-16 14:28:39,323 [INFO] __main__: 🚀 Starting Crypto Alert Bot...
2025-06-16 14:28:39,323 [ERROR] db: Database error: attempt to write a readonly database
2025-06-16 14:28:39,323 [ERROR] __main__: Fatal error: attempt to write a readonly database
2025-06-16 14:29:34,411 [INFO] __main__: 🚀 Starting Crypto Alert Bot...
2025-06-16 14:29:34,411 [ERROR] db: Database error: unable to open database file
2025-06-16 14:29:34,411 [ERROR] __main__: Fatal error: unable to open database file
2025-06-16 14:29:35,643 [INFO] __main__: 🚀 Starting Crypto Alert Bot...
2025-06-16 14:29:35,643 [ERROR] db: Database error: unable to open database file
2025-06-16 14:29:35,643 [ERROR] __main__: Fatal error: unable to open database file
2025-06-16 14:29:37,059 [INFO] __main__: 🚀 Starting Crypto Alert Bot...
2025-06-16 14:29:37,059 [ERROR] db: Database error: unable to open database file
2025-06-16 14:29:37,059 [ERROR] __main__: Fatal error: unable to open database file
2025-06-16 14:29:38,551 [INFO] __main__: 🚀 Starting Crypto Alert Bot...
2025-06-16 14:29:38,551 [ERROR] db: Database error: unable to open database file
2025-06-16 14:29:38,551 [ERROR] __main__: Fatal error: unable to open database file
2025-06-16 14:29:40,518 [INFO] __main__: 🚀 Starting Crypto Alert Bot...
2025-06-16 14:29:40,518 [ERROR] db: Database error: unable to open database file
2025-06-16 14:29:40,518 [ERROR] __main__: Fatal error: unable to open database file
2025-06-16 14:29:43,290 [INFO] __main__: 🚀 Starting Crypto Alert Bot...
2025-06-16 14:29:43,290 [ERROR] db: Database error: unable to open database file
2025-06-16 14:29:43,290 [ERROR] __main__: Fatal error: unable to open database file
2025-06-16 14:29:47,620 [INFO] __main__: 🚀 Starting Crypto Alert Bot...
2025-06-16 14:29:47,620 [ERROR] db: Database error: unable to open database file
2025-06-16 14:29:47,621 [ERROR] __main__: Fatal error: unable to open database file
2025-06-16 14:29:55,353 [INFO] __main__: 🚀 Starting Crypto Alert Bot...
2025-06-16 14:29:55,353 [ERROR] db: Database error: unable to open database file
2025-06-16 14:29:55,353 [ERROR] __main__: Fatal error: unable to open database file
2025-06-16 14:30:05,755 [INFO] __main__: 🚀 Starting Crypto Alert Bot...
2025-06-16 14:30:05,756 [ERROR] db: Database error: attempt to write a readonly database
2025-06-16 14:30:05,756 [ERROR] __main__: Fatal error: attempt to write a readonly database
2025-06-16 14:30:06,996 [INFO] __main__: 🚀 Starting Crypto Alert Bot...
2025-06-16 14:30:06,997 [ERROR] db: Database error: attempt to write a readonly database
2025-06-16 14:30:06,997 [ERROR] __main__: Fatal error: attempt to write a readonly database
2025-06-16 14:30:08,284 [INFO] __main__: 🚀 Starting Crypto Alert Bot...
2025-06-16 14:30:08,284 [ERROR] db: Database error: attempt to write a readonly database
2025-06-16 14:30:08,284 [ERROR] __main__: Fatal error: attempt to write a readonly database
2025-06-16 14:30:09,847 [INFO] __main__: 🚀 Starting Crypto Alert Bot...
2025-06-16 14:30:09,847 [ERROR] db: Database error: attempt to write a readonly database
2025-06-16 14:30:09,849 [ERROR] __main__: Fatal error: attempt to write a readonly database
2025-06-16 14:30:11,776 [INFO] __main__: 🚀 Starting Crypto Alert Bot...
2025-06-16 14:30:11,776 [ERROR] db: Database error: attempt to write a readonly database
2025-06-16 14:30:11,777 [ERROR] __main__: Fatal error: attempt to write a readonly database
2025-06-16 14:30:14,489 [INFO] __main__: 🚀 Starting Crypto Alert Bot...
2025-06-16 14:30:14,489 [ERROR] db: Database error: attempt to write a readonly database
2025-06-16 14:30:14,489 [ERROR] __main__: Fatal error: attempt to write a readonly database
2025-06-16 14:30:18,798 [INFO] __main__: 🚀 Starting Crypto Alert Bot...
2025-06-16 14:30:18,798 [ERROR] db: Database error: attempt to write a readonly database
2025-06-16 14:30:18,798 [ERROR] __main__: Fatal error: attempt to write a readonly database
2025-06-16 14:30:25,351 [INFO] __main__: 🚀 Starting Crypto Alert Bot...
2025-06-16 14:30:25,351 [ERROR] db: Database error: attempt to write a readonly database
2025-06-16 14:30:25,351 [ERROR] __main__: Fatal error: attempt to write a readonly database
2025-06-16 14:30:26,554 [INFO] __main__: 🚀 Starting Crypto Alert Bot...
2025-06-16 14:30:26,554 [ERROR] db: Database error: attempt to write a readonly database
2025-06-16 14:30:26,554 [ERROR] __main__: Fatal error: attempt to write a readonly database
2025-06-16 14:30:27,828 [INFO] __main__: 🚀 Starting Crypto Alert Bot...
2025-06-16 14:30:27,829 [ERROR] db: Database error: attempt to write a readonly database
2025-06-16 14:30:27,829 [ERROR] __main__: Fatal error: attempt to write a readonly database
2025-06-16 14:30:29,451 [INFO] __main__: 🚀 Starting Crypto Alert Bot...
2025-06-16 14:30:29,452 [ERROR] db: Database error: attempt to write a readonly database
2025-06-16 14:30:29,452 [ERROR] __main__: Fatal error: attempt to write a readonly database
2025-06-16 14:30:31,387 [INFO] __main__: 🚀 Starting Crypto Alert Bot...
2025-06-16 14:30:31,387 [ERROR] db: Database error: attempt to write a readonly database
2025-06-16 14:30:31,387 [ERROR] __main__: Fatal error: attempt to write a readonly database
2025-06-16 14:30:34,160 [INFO] __main__: 🚀 Starting Crypto Alert Bot...
2025-06-16 14:30:34,161 [ERROR] db: Database error: attempt to write a readonly database
2025-06-16 14:30:34,161 [ERROR] __main__: Fatal error: attempt to write a readonly database
2025-06-16 14:30:38,461 [INFO] __main__: 🚀 Starting Crypto Alert Bot...
2025-06-16 14:30:38,461 [ERROR] db: Database error: attempt to write a readonly database
2025-06-16 14:30:38,461 [ERROR] __main__: Fatal error: attempt to write a readonly database
2025-06-16 14:30:46,154 [INFO] __main__: 🚀 Starting Crypto Alert Bot...
2025-06-16 14:30:46,154 [ERROR] db: Database error: attempt to write a readonly database
2025-06-16 14:30:46,154 [ERROR] __main__: Fatal error: attempt to write a readonly database
